<?xml version="1.0" encoding="UTF-8"?>
<!-- Generated by org.testng.reporters.JUnitXMLReporter -->
<testsuite ignored="0" hostname="SARITA" failures="0" tests="8" name="Test for Edge browser" time="61.32" errors="0" timestamp="2023-09-22T18:08:42 IST">
  <testcase classname="TestLayer.RegisterPageTest" name="validateRegisterPageFunctionality" time="18.8"/>
  <testcase classname="TestLayer.RegisterSuccessPageTest" name="validateHomePageUrl" time="0.202"/>
  <testcase classname="TestLayer.RegisterSuccessPageTest" name="validateRegisterSuccessPageTitle" time="0.232"/>
  <testcase classname="TestLayer.RegisterSuccessPageTest" name="clickOnSubmit" time="0.536"/>
  <testcase classname="TestLayer.SignOnPageTest" name="validateSignOnPageUrl" time="0.067"/>
  <testcase classname="TestLayer.SignOnPageTest" name="validateSignOnPageTitle" time="0.612"/>
  <testcase classname="TestLayer.SignOnPageTest" name="validateSignOnPageFunctionality" time="6.002"/>
  <testcase classname="TestLayer.LoginSuccessPageTest" name="validateLoginSuccessPage" time="0.109"/>
</testsuite> <!-- Test for Edge browser -->
