<?xml version="1.0" encoding="UTF-8"?>
<!-- Generated by org.testng.reporters.JUnitXMLReporter -->
<testsuite ignored="0" hostname="SARITA" failures="0" tests="8" name="Test for firefox browser" time="48.071" errors="0" timestamp="2023-09-22T18:09:32 IST">
  <testcase classname="TestLayer.RegisterPageTest" name="validateRegisterPageFunctionality" time="11.019"/>
  <testcase classname="TestLayer.RegisterSuccessPageTest" name="validateHomePageUrl" time="0.008"/>
  <testcase classname="TestLayer.RegisterSuccessPageTest" name="validateRegisterSuccessPageTitle" time="0.147"/>
  <testcase classname="TestLayer.RegisterSuccessPageTest" name="clickOnSubmit" time="0.316"/>
  <testcase classname="TestLayer.SignOnPageTest" name="validateSignOnPageUrl" time="0.019"/>
  <testcase classname="TestLayer.SignOnPageTest" name="validateSignOnPageTitle" time="0.288"/>
  <testcase classname="TestLayer.SignOnPageTest" name="validateSignOnPageFunctionality" time="7.347"/>
  <testcase classname="TestLayer.LoginSuccessPageTest" name="validateLoginSuccessPage" time="0.082"/>
</testsuite> <!-- Test for firefox browser -->
