<?xml version="1.0" encoding="UTF-8"?>
<testng-results ignored="0" total="16" passed="16" failed="0" skipped="0">
  <reporter-output>
  </reporter-output>
  <suite started-at="2023-09-22T18:07:40 IST" name="Suite" finished-at="2023-09-22T18:09:32 IST" duration-ms="111473">
    <groups>
    </groups>
    <test started-at="2023-09-22T18:07:40 IST" name="Test for Edge browser" finished-at="2023-09-22T18:08:42 IST" duration-ms="61320">
      <class name="TestLayer.LoginSuccessPageTest">
        <test-method signature="validateLoginSuccessPage()[pri:0, instance:TestLayer.LoginSuccessPageTest@ffaa6af]" started-at="2023-09-22T18:08:41 IST" name="validateLoginSuccessPage" finished-at="2023-09-22T18:08:41 IST" duration-ms="109" status="PASS">
          <reporter-output>
          </reporter-output>
        </test-method> <!-- validateLoginSuccessPage -->
      </class> <!-- TestLayer.LoginSuccessPageTest -->
      <class name="TestLayer.SignOnPageTest">
        <test-method signature="validateSignOnPageUrl()[pri:2, instance:TestLayer.SignOnPageTest@17497425]" started-at="2023-09-22T18:08:31 IST" name="validateSignOnPageUrl" finished-at="2023-09-22T18:08:31 IST" duration-ms="67" status="PASS">
          <reporter-output>
          </reporter-output>
        </test-method> <!-- validateSignOnPageUrl -->
        <test-method signature="validateSignOnPageTitle()[pri:3, instance:TestLayer.SignOnPageTest@17497425]" started-at="2023-09-22T18:08:34 IST" name="validateSignOnPageTitle" finished-at="2023-09-22T18:08:35 IST" duration-ms="612" status="PASS">
          <reporter-output>
          </reporter-output>
        </test-method> <!-- validateSignOnPageTitle -->
        <test-method signature="validateSignOnPageFunctionality()[pri:4, instance:TestLayer.SignOnPageTest@17497425]" started-at="2023-09-22T18:08:35 IST" name="validateSignOnPageFunctionality" finished-at="2023-09-22T18:08:41 IST" duration-ms="6002" status="PASS">
          <reporter-output>
          </reporter-output>
        </test-method> <!-- validateSignOnPageFunctionality -->
      </class> <!-- TestLayer.SignOnPageTest -->
      <class name="TestLayer.RegisterPageTest">
        <test-method is-config="true" signature="seUp(java.lang.String)[pri:0, instance:TestLayer.RegisterPageTest@5a56cdac]" started-at="2023-09-22T18:07:42 IST" name="seUp" finished-at="2023-09-22T18:08:04 IST" duration-ms="22055" status="PASS">
          <params>
            <param index="0">
              <value>
                <![CDATA[edge]]>
              </value>
            </param>
          </params>
          <reporter-output>
          </reporter-output>
        </test-method> <!-- seUp -->
        <test-method signature="validateRegisterPageFunctionality(java.lang.String,java.lang.String,java.lang.String,java.lang.String,java.lang.String,java.lang.String,java.lang.String,java.lang.String,java.lang.String,java.lang.String,java.lang.String,java.lang.String)[pri:0, instance:TestLayer.RegisterPageTest@5a56cdac]" started-at="2023-09-22T18:08:08 IST" name="validateRegisterPageFunctionality" data-provider="addUserData" finished-at="2023-09-22T18:08:27 IST" duration-ms="18800" status="PASS">
          <params>
            <param index="0">
              <value>
                <![CDATA[Sarita]]>
              </value>
            </param>
            <param index="1">
              <value>
                <![CDATA[Kande]]>
              </value>
            </param>
            <param index="2">
              <value>
                <![CDATA[8080808080]]>
              </value>
            </param>
            <param index="3">
              <value>
                <![CDATA[sarita@gmail.com]]>
              </value>
            </param>
            <param index="4">
              <value>
                <![CDATA[MG Road]]>
              </value>
            </param>
            <param index="5">
              <value>
                <![CDATA[Mumbai]]>
              </value>
            </param>
            <param index="6">
              <value>
                <![CDATA[Maharashtra]]>
              </value>
            </param>
            <param index="7">
              <value>
                <![CDATA[123456]]>
              </value>
            </param>
            <param index="8">
              <value>
                <![CDATA[INDIA]]>
              </value>
            </param>
            <param index="9">
              <value>
                <![CDATA[saritaK]]>
              </value>
            </param>
            <param index="10">
              <value>
                <![CDATA[abcd]]>
              </value>
            </param>
            <param index="11">
              <value>
                <![CDATA[abcd]]>
              </value>
            </param>
          </params>
          <reporter-output>
          </reporter-output>
        </test-method> <!-- validateRegisterPageFunctionality -->
      </class> <!-- TestLayer.RegisterPageTest -->
      <class name="TestLayer.RegisterSuccessPageTest">
        <test-method signature="validateHomePageUrl()[pri:1, instance:TestLayer.RegisterSuccessPageTest@2ea41516]" started-at="2023-09-22T18:08:28 IST" name="validateHomePageUrl" finished-at="2023-09-22T18:08:28 IST" duration-ms="202" status="PASS">
          <reporter-output>
          </reporter-output>
        </test-method> <!-- validateHomePageUrl -->
        <test-method signature="validateRegisterSuccessPageTitle()[pri:2, instance:TestLayer.RegisterSuccessPageTest@2ea41516]" started-at="2023-09-22T18:08:28 IST" name="validateRegisterSuccessPageTitle" finished-at="2023-09-22T18:08:29 IST" duration-ms="232" status="PASS">
          <reporter-output>
          </reporter-output>
        </test-method> <!-- validateRegisterSuccessPageTitle -->
        <test-method signature="clickOnSubmit()[pri:3, instance:TestLayer.RegisterSuccessPageTest@2ea41516]" started-at="2023-09-22T18:08:29 IST" name="clickOnSubmit" finished-at="2023-09-22T18:08:29 IST" duration-ms="536" status="PASS">
          <reporter-output>
          </reporter-output>
        </test-method> <!-- clickOnSubmit -->
      </class> <!-- TestLayer.RegisterSuccessPageTest -->
    </test> <!-- Test for Edge browser -->
    <test started-at="2023-09-22T18:08:44 IST" name="Test for firefox browser" finished-at="2023-09-22T18:09:32 IST" duration-ms="48071">
      <class name="TestLayer.LoginSuccessPageTest">
        <test-method signature="validateLoginSuccessPage()[pri:0, instance:TestLayer.LoginSuccessPageTest@2d52216b]" started-at="2023-09-22T18:09:31 IST" name="validateLoginSuccessPage" finished-at="2023-09-22T18:09:32 IST" duration-ms="82" status="PASS">
          <reporter-output>
          </reporter-output>
        </test-method> <!-- validateLoginSuccessPage -->
      </class> <!-- TestLayer.LoginSuccessPageTest -->
      <class name="TestLayer.SignOnPageTest">
        <test-method signature="validateSignOnPageUrl()[pri:2, instance:TestLayer.SignOnPageTest@771a660]" started-at="2023-09-22T18:09:22 IST" name="validateSignOnPageUrl" finished-at="2023-09-22T18:09:22 IST" duration-ms="19" status="PASS">
          <reporter-output>
          </reporter-output>
        </test-method> <!-- validateSignOnPageUrl -->
        <test-method signature="validateSignOnPageTitle()[pri:3, instance:TestLayer.SignOnPageTest@771a660]" started-at="2023-09-22T18:09:23 IST" name="validateSignOnPageTitle" finished-at="2023-09-22T18:09:23 IST" duration-ms="288" status="PASS">
          <reporter-output>
          </reporter-output>
        </test-method> <!-- validateSignOnPageTitle -->
        <test-method signature="validateSignOnPageFunctionality()[pri:4, instance:TestLayer.SignOnPageTest@771a660]" started-at="2023-09-22T18:09:24 IST" name="validateSignOnPageFunctionality" finished-at="2023-09-22T18:09:31 IST" duration-ms="7347" status="PASS">
          <reporter-output>
          </reporter-output>
        </test-method> <!-- validateSignOnPageFunctionality -->
      </class> <!-- TestLayer.SignOnPageTest -->
      <class name="TestLayer.RegisterPageTest">
        <test-method is-config="true" signature="seUp(java.lang.String)[pri:0, instance:TestLayer.RegisterPageTest@272113c4]" started-at="2023-09-22T18:08:44 IST" name="seUp" finished-at="2023-09-22T18:09:09 IST" duration-ms="25134" status="PASS">
          <params>
            <param index="0">
              <value>
                <![CDATA[firefox]]>
              </value>
            </param>
          </params>
          <reporter-output>
          </reporter-output>
        </test-method> <!-- seUp -->
        <test-method signature="validateRegisterPageFunctionality(java.lang.String,java.lang.String,java.lang.String,java.lang.String,java.lang.String,java.lang.String,java.lang.String,java.lang.String,java.lang.String,java.lang.String,java.lang.String,java.lang.String)[pri:0, instance:TestLayer.RegisterPageTest@272113c4]" started-at="2023-09-22T18:09:09 IST" name="validateRegisterPageFunctionality" data-provider="addUserData" finished-at="2023-09-22T18:09:20 IST" duration-ms="11019" status="PASS">
          <params>
            <param index="0">
              <value>
                <![CDATA[Sarita]]>
              </value>
            </param>
            <param index="1">
              <value>
                <![CDATA[Kande]]>
              </value>
            </param>
            <param index="2">
              <value>
                <![CDATA[8080808080]]>
              </value>
            </param>
            <param index="3">
              <value>
                <![CDATA[sarita@gmail.com]]>
              </value>
            </param>
            <param index="4">
              <value>
                <![CDATA[MG Road]]>
              </value>
            </param>
            <param index="5">
              <value>
                <![CDATA[Mumbai]]>
              </value>
            </param>
            <param index="6">
              <value>
                <![CDATA[Maharashtra]]>
              </value>
            </param>
            <param index="7">
              <value>
                <![CDATA[123456]]>
              </value>
            </param>
            <param index="8">
              <value>
                <![CDATA[INDIA]]>
              </value>
            </param>
            <param index="9">
              <value>
                <![CDATA[saritaK]]>
              </value>
            </param>
            <param index="10">
              <value>
                <![CDATA[abcd]]>
              </value>
            </param>
            <param index="11">
              <value>
                <![CDATA[abcd]]>
              </value>
            </param>
          </params>
          <reporter-output>
          </reporter-output>
        </test-method> <!-- validateRegisterPageFunctionality -->
      </class> <!-- TestLayer.RegisterPageTest -->
      <class name="TestLayer.RegisterSuccessPageTest">
        <test-method signature="validateHomePageUrl()[pri:1, instance:TestLayer.RegisterSuccessPageTest@73e9cf30]" started-at="2023-09-22T18:09:21 IST" name="validateHomePageUrl" finished-at="2023-09-22T18:09:21 IST" duration-ms="8" status="PASS">
          <reporter-output>
          </reporter-output>
        </test-method> <!-- validateHomePageUrl -->
        <test-method signature="validateRegisterSuccessPageTitle()[pri:2, instance:TestLayer.RegisterSuccessPageTest@73e9cf30]" started-at="2023-09-22T18:09:21 IST" name="validateRegisterSuccessPageTitle" finished-at="2023-09-22T18:09:21 IST" duration-ms="147" status="PASS">
          <reporter-output>
          </reporter-output>
        </test-method> <!-- validateRegisterSuccessPageTitle -->
        <test-method signature="clickOnSubmit()[pri:3, instance:TestLayer.RegisterSuccessPageTest@73e9cf30]" started-at="2023-09-22T18:09:21 IST" name="clickOnSubmit" finished-at="2023-09-22T18:09:22 IST" duration-ms="316" status="PASS">
          <reporter-output>
          </reporter-output>
        </test-method> <!-- clickOnSubmit -->
      </class> <!-- TestLayer.RegisterSuccessPageTest -->
    </test> <!-- Test for firefox browser -->
  </suite> <!-- Suite -->
</testng-results>
