<?xml version="1.0" encoding="UTF-8"?>
<testsuite xmlns:xsi="http://www.w3.org/2001/XMLSchema-instance" xsi:noNamespaceSchemaLocation="https://maven.apache.org/surefire/maven-surefire-plugin/xsd/surefire-test-report-3.0.xsd" version="3.0" name="TestSuite" time="118.497" tests="16" errors="0" skipped="0" failures="0">
  <properties>
[...]
</properties>
  <testcase name="validateRegisterPageFunctionality[Sarita, Kande, 8080808080, sarita@gmail.com, MG Road, Mumbai, Maharashtra, 123456, INDIA, saritaK, abcd, abcd](1)" classname="TestLayer.RegisterPageTest" time="18.809">
    <system-err><![CDATA[SLF4J: Failed to load class "org.slf4j.impl.StaticLoggerBinder".
SLF4J: Defaulting to no-operation (NOP) logger implementation
SLF4J: See http://www.slf4j.org/codes.html#StaticLoggerBinder for further details.
log4j:WARN No appenders could be found for logger (io.netty.util.internal.logging.InternalLoggerFactory).
log4j:WARN Please initialize the log4j system properly.
Starting Microsoft Edge WebDriver 117.0.2045.36 (7e3a0633c58a8c404405e428d1126ad8442f2da0) on port 13408
To submit feedback, report a bug, or suggest new features, please visit https://github.com/MicrosoftEdge/EdgeWebDriver

Only local connections are allowed.
Please see https://aka.ms/WebDriverSecurity for suggestions on keeping Microsoft Edge WebDriver safe.

Microsoft Edge WebDriver was started successfully.
Sep 22, 2023 6:07:53 PM org.openqa.selenium.devtools.CdpVersionFinder findNearestMatch
WARNING: Unable to find CDP implementation matching 117
Sep 22, 2023 6:07:53 PM org.openqa.selenium.chromium.ChromiumDriver lambda$new$3
WARNING: Unable to find version of CDP to use for . You may need to include a dependency on a specific version of the CDP using something similar to `org.seleniumhq.selenium:selenium-devtools-v86:4.9.0` where the version ("v86") matches the version of the chromium-based browser you're using and the version number of the artifact is the same as Selenium's.
]]></system-err>
  </testcase>
  <testcase name="validateRegisterPageFunctionality[Sarita, Kande, 8080808080, sarita@gmail.com, MG Road, Mumbai, Maharashtra, 123456, INDIA, saritaK, abcd, abcd](1)" classname="TestLayer.RegisterPageTest" time="11.02">
    <system-err><![CDATA[1695386325949	geckodriver	INFO	Listening on 127.0.0.1:18894
1695386326012	mozrunner::runner	INFO	Running command: "C:\\Program Files\\Mozilla Firefox\\firefox.exe" "--marionette" "--remote-debugging-port" "7839" "--remote- ... tp://localhost:7839/,http://[::1]:7839/" "-no-remote" "-profile" "C:\\Users\\hp\\AppData\\Local\\Temp\\rust_mozprofile1NgzaL"
console.warn: services.settings: Ignoring preference override of remote settings server
console.warn: services.settings: Allow by setting MOZ_REMOTE_SETTINGS_DEVTOOLS=1 in the environment
1695386328062	Marionette	INFO	Marionette enabled
Dynamically enable window occlusion 0
1695386328573	Marionette	INFO	Listening on port 55028
Read port: 55028
WebDriver BiDi listening on ws://127.0.0.1:7839
1695386329096	RemoteAgent	WARN	TLS certificate errors will be ignored for this session
DevTools listening on ws://127.0.0.1:7839/devtools/browser/d379b26f-948c-486c-95a2-1fc676c6721f
JavaScript warning: https://pagead2.googlesyndication.com/bg/tGcDLxZnxcZjneq6ZTfMhLSKmVRaNAcBIKHxIKG0fIc.js line 2 > eval line 1909 > eval line 1 > eval line 1 > eval, line 1: WEBGL_debug_renderer_info is deprecated in Firefox and will be removed. Please use RENDERER.
console.warn: LoginRecipes: "Falling back to a synchronous message for: https://demo.guru99.com."
console.warn: LoginRecipes: "Falling back to a synchronous message for: https://demo.guru99.com."
]]></system-err>
  </testcase>
  <testcase name="validateHomePageUrl" classname="TestLayer.RegisterSuccessPageTest" time="0.202"/>
  <testcase name="validateHomePageUrl" classname="TestLayer.RegisterSuccessPageTest" time="0.008"/>
  <testcase name="validateRegisterSuccessPageTitle" classname="TestLayer.RegisterSuccessPageTest" time="0.231"/>
  <testcase name="validateRegisterSuccessPageTitle" classname="TestLayer.RegisterSuccessPageTest" time="0.15"/>
  <testcase name="clickOnSubmit" classname="TestLayer.RegisterSuccessPageTest" time="0.535"/>
  <testcase name="clickOnSubmit" classname="TestLayer.RegisterSuccessPageTest" time="0.316"/>
  <testcase name="validateSignOnPageUrl" classname="TestLayer.SignOnPageTest" time="0.069"/>
  <testcase name="validateSignOnPageUrl" classname="TestLayer.SignOnPageTest" time="0">
    <system-err><![CDATA[JavaScript warning: https://pagead2.googlesyndication.com/bg/tGcDLxZnxcZjneq6ZTfMhLSKmVRaNAcBIKHxIKG0fIc.js line 2 > eval line 7283 > eval line 1 > eval line 1 > eval, line 1: WEBGL_debug_renderer_info is deprecated in Firefox and will be removed. Please use RENDERER.
]]></system-err>
  </testcase>
  <testcase name="validateSignOnPageTitle" classname="TestLayer.SignOnPageTest" time="0.612"/>
  <testcase name="validateSignOnPageTitle" classname="TestLayer.SignOnPageTest" time="0"/>
  <testcase name="validateSignOnPageFunctionality" classname="TestLayer.SignOnPageTest" time="6"/>
  <testcase name="validateSignOnPageFunctionality" classname="TestLayer.SignOnPageTest" time="5.493">
    <system-err><![CDATA[console.warn: services.settings: Ignoring preference override of remote settings server
console.warn: services.settings: Allow by setting MOZ_REMOTE_SETTINGS_DEVTOOLS=1 in the environment
console.error: (new TypeError("lazy.AsyncShutdown.profileBeforeChange is undefined", "resource://services-settings/Database.sys.mjs", 593))
1695386368563	Marionette	WARN	Ignoring event 'DOMContentLoaded' because document has an invalid readyState of 'complete'.
]]></system-err>
  </testcase>
  <testcase name="validateLoginSuccessPage" classname="TestLayer.LoginSuccessPageTest" time="0.11"/>
  <testcase name="validateLoginSuccessPage" classname="TestLayer.LoginSuccessPageTest" time="0"/>
</testsuite>